[     116ms] [INFO] %cDownload the React DevTools for a better development experience: https://react.dev/link/react-devtools font-weight:bold @ http://localhost:2001/node_modules/.vite/deps/react-dom_client.js?v=4e4d4cae:20102
[     125ms] [INFO] 🌐 i18next is made possible by our own product, Locize — consider powering your project with managed localization (AI, CDN, integrations): https://locize.com 💙 @ http://localhost:2001/node_modules/.vite/deps/chunk-SIV6SFTN.js?v=4e4d4cae:1783
[     252ms] [ERROR] Access to XMLHttpRequest at 'http://localhost:2100/glucose/graph' from origin 'http://localhost:2001' has been blocked by CORS policy: The 'Access-Control-Allow-Origin' header has a value 'http://localhost:2000' that is not equal to the supplied origin. @ http://localhost:2001/glucose?section=graph:0
[     254ms] [ERROR] Failed to load resource: net::ERR_FAILED @ http://localhost:2100/glucose/graph:0
[     254ms] [ERROR] Access to XMLHttpRequest at 'http://localhost:2100/glucose/sensor' from origin 'http://localhost:2001' has been blocked by CORS policy: The 'Access-Control-Allow-Origin' header has a value 'http://localhost:2000' that is not equal to the supplied origin. @ http://localhost:2001/glucose?section=graph:0
[     254ms] [ERROR] Failed to load resource: net::ERR_FAILED @ http://localhost:2100/glucose/sensor:0
[     254ms] [ERROR] Access to XMLHttpRequest at 'http://localhost:2100/glucose/current' from origin 'http://localhost:2001' has been blocked by CORS policy: The 'Access-Control-Allow-Origin' header has a value 'http://localhost:2000' that is not equal to the supplied origin. @ http://localhost:2001/glucose?section=graph:0
[     254ms] [ERROR] Failed to load resource: net::ERR_FAILED @ http://localhost:2100/glucose/current:0
[    1268ms] [ERROR] Access to XMLHttpRequest at 'http://localhost:2100/glucose/sensor' from origin 'http://localhost:2001' has been blocked by CORS policy: The 'Access-Control-Allow-Origin' header has a value 'http://localhost:2000' that is not equal to the supplied origin. @ http://localhost:2001/glucose?section=graph:0
[    1269ms] [ERROR] Failed to load resource: net::ERR_FAILED @ http://localhost:2100/glucose/sensor:0
[    1269ms] [ERROR] Access to XMLHttpRequest at 'http://localhost:2100/glucose/graph' from origin 'http://localhost:2001' has been blocked by CORS policy: The 'Access-Control-Allow-Origin' header has a value 'http://localhost:2000' that is not equal to the supplied origin. @ http://localhost:2001/glucose?section=graph:0
[    1269ms] [ERROR] Failed to load resource: net::ERR_FAILED @ http://localhost:2100/glucose/graph:0
[    1271ms] [ERROR] Access to XMLHttpRequest at 'http://localhost:2100/glucose/current' from origin 'http://localhost:2001' has been blocked by CORS policy: The 'Access-Control-Allow-Origin' header has a value 'http://localhost:2000' that is not equal to the supplied origin. @ http://localhost:2001/glucose?section=graph:0
[    1272ms] [ERROR] Failed to load resource: net::ERR_FAILED @ http://localhost:2100/glucose/current:0
[    3274ms] [ERROR] Access to XMLHttpRequest at 'http://localhost:2100/glucose/graph' from origin 'http://localhost:2001' has been blocked by CORS policy: The 'Access-Control-Allow-Origin' header has a value 'http://localhost:2000' that is not equal to the supplied origin. @ http://localhost:2001/glucose?section=graph:0
[    3274ms] [ERROR] Failed to load resource: net::ERR_FAILED @ http://localhost:2100/glucose/graph:0
[    3275ms] [ERROR] Access to XMLHttpRequest at 'http://localhost:2100/glucose/sensor' from origin 'http://localhost:2001' has been blocked by CORS policy: The 'Access-Control-Allow-Origin' header has a value 'http://localhost:2000' that is not equal to the supplied origin. @ http://localhost:2001/glucose?section=graph:0
[    3275ms] [ERROR] Failed to load resource: net::ERR_FAILED @ http://localhost:2100/glucose/sensor:0
[    3277ms] [ERROR] Access to XMLHttpRequest at 'http://localhost:2100/glucose/current' from origin 'http://localhost:2001' has been blocked by CORS policy: The 'Access-Control-Allow-Origin' header has a value 'http://localhost:2000' that is not equal to the supplied origin. @ http://localhost:2001/glucose?section=graph:0
[    3277ms] [ERROR] Failed to load resource: net::ERR_FAILED @ http://localhost:2100/glucose/current:0
[    7284ms] [ERROR] Access to XMLHttpRequest at 'http://localhost:2100/glucose/sensor' from origin 'http://localhost:2001' has been blocked by CORS policy: The 'Access-Control-Allow-Origin' header has a value 'http://localhost:2000' that is not equal to the supplied origin. @ http://localhost:2001/glucose?section=graph:0
[    7284ms] [ERROR] Failed to load resource: net::ERR_FAILED @ http://localhost:2100/glucose/sensor:0
[    7286ms] [ERROR] Access to XMLHttpRequest at 'http://localhost:2100/glucose/graph' from origin 'http://localhost:2001' has been blocked by CORS policy: The 'Access-Control-Allow-Origin' header has a value 'http://localhost:2000' that is not equal to the supplied origin. @ http://localhost:2001/glucose?section=graph:0
[    7287ms] [ERROR] Failed to load resource: net::ERR_FAILED @ http://localhost:2100/glucose/graph:0
[    7287ms] [ERROR] Access to XMLHttpRequest at 'http://localhost:2100/glucose/current' from origin 'http://localhost:2001' has been blocked by CORS policy: The 'Access-Control-Allow-Origin' header has a value 'http://localhost:2000' that is not equal to the supplied origin. @ http://localhost:2001/glucose?section=graph:0
[    7287ms] [ERROR] Failed to load resource: net::ERR_FAILED @ http://localhost:2100/glucose/current:0
[   67373ms] [ERROR] Access to XMLHttpRequest at 'http://localhost:2100/glucose/graph' from origin 'http://localhost:2001' has been blocked by CORS policy: The 'Access-Control-Allow-Origin' header has a value 'http://localhost:2000' that is not equal to the supplied origin. @ http://localhost:2001/glucose?section=graph:0
[   67373ms] [ERROR] Failed to load resource: net::ERR_FAILED @ http://localhost:2100/glucose/graph:0
[   67373ms] [ERROR] Access to XMLHttpRequest at 'http://localhost:2100/glucose/current' from origin 'http://localhost:2001' has been blocked by CORS policy: The 'Access-Control-Allow-Origin' header has a value 'http://localhost:2000' that is not equal to the supplied origin. @ http://localhost:2001/glucose?section=graph:0
[   67374ms] [ERROR] Failed to load resource: net::ERR_FAILED @ http://localhost:2100/glucose/current:0
[   68379ms] [ERROR] Access to XMLHttpRequest at 'http://localhost:2100/glucose/graph' from origin 'http://localhost:2001' has been blocked by CORS policy: The 'Access-Control-Allow-Origin' header has a value 'http://localhost:2000' that is not equal to the supplied origin. @ http://localhost:2001/glucose?section=graph:0
[   68379ms] [ERROR] Failed to load resource: net::ERR_FAILED @ http://localhost:2100/glucose/graph:0
[   68379ms] [ERROR] Access to XMLHttpRequest at 'http://localhost:2100/glucose/current' from origin 'http://localhost:2001' has been blocked by CORS policy: The 'Access-Control-Allow-Origin' header has a value 'http://localhost:2000' that is not equal to the supplied origin. @ http://localhost:2001/glucose?section=graph:0
[   68379ms] [ERROR] Failed to load resource: net::ERR_FAILED @ http://localhost:2100/glucose/current:0
[   70385ms] [ERROR] Access to XMLHttpRequest at 'http://localhost:2100/glucose/graph' from origin 'http://localhost:2001' has been blocked by CORS policy: The 'Access-Control-Allow-Origin' header has a value 'http://localhost:2000' that is not equal to the supplied origin. @ http://localhost:2001/glucose?section=graph:0
[   70385ms] [ERROR] Failed to load resource: net::ERR_FAILED @ http://localhost:2100/glucose/graph:0
[   70385ms] [ERROR] Access to XMLHttpRequest at 'http://localhost:2100/glucose/current' from origin 'http://localhost:2001' has been blocked by CORS policy: The 'Access-Control-Allow-Origin' header has a value 'http://localhost:2000' that is not equal to the supplied origin. @ http://localhost:2001/glucose?section=graph:0
[   70385ms] [ERROR] Failed to load resource: net::ERR_FAILED @ http://localhost:2100/glucose/current:0
[   74391ms] [ERROR] Access to XMLHttpRequest at 'http://localhost:2100/glucose/graph' from origin 'http://localhost:2001' has been blocked by CORS policy: The 'Access-Control-Allow-Origin' header has a value 'http://localhost:2000' that is not equal to the supplied origin. @ http://localhost:2001/glucose?section=graph:0
[   74391ms] [ERROR] Failed to load resource: net::ERR_FAILED @ http://localhost:2100/glucose/graph:0
[   74392ms] [ERROR] Access to XMLHttpRequest at 'http://localhost:2100/glucose/current' from origin 'http://localhost:2001' has been blocked by CORS policy: The 'Access-Control-Allow-Origin' header has a value 'http://localhost:2000' that is not equal to the supplied origin. @ http://localhost:2001/glucose?section=graph:0
[   74392ms] [ERROR] Failed to load resource: net::ERR_FAILED @ http://localhost:2100/glucose/current:0
